[eslint-watch] 2026-03-04 04:36:57 ESLint-watch started. Interval: 150s
error: cannot pull with rebase: You have unstaged changes.
error: Please commit or stash them.
[eslint-watch] 2026-03-04 04:36:57 Linting 142 changed file(s)...
[eslint-watch] 2026-03-04 04:37:00 ESLint auto-fixed some issues. Committing...
error: cannot pull with rebase: You have unstaged changes.
error: Please commit or stash them.
[eslint-watch] 2026-03-04 04:39:33 No .ts/.tsx files changed since last check. Skipping.
error: cannot pull with rebase: You have unstaged changes.
error: Please commit or stash them.
[eslint-watch] 2026-03-04 04:42:04 No .ts/.tsx files changed since last check. Skipping.
error: cannot pull with rebase: You have unstaged changes.
error: additionally, your index contains uncommitted changes.
error: Please commit or stash them.
[eslint-watch] 2026-03-04 04:44:34 Linting 13 changed file(s)...
[eslint-watch] 2026-03-04 04:44:36 ESLint auto-fixed some issues. Committing...
[main 6730fde] fix(lint): eslint --fix pass [eslint-watch]
 Committer: GM <gm@GMs-MacBook-Pro.local>
Your name and email address were configured automatically based
on your username and hostname. Please check that they are accurate.
You can suppress this message by setting them explicitly. Run the
following command and follow the instructions in your editor to edit
your configuration file:

    git config --global --edit

After doing this, you may fix the identity used for this commit with:

    git commit --amend --reset-author

 57 files changed, 148 insertions(+), 53 deletions(-)
 create mode 100644 .clawbot/logs/eslint-watch-state.json
To https://github.com/doculetai/v6.git
   38576c4..6730fde  main -> main
[eslint-watch] 2026-03-04 04:44:38 Lint clean after auto-fix.
error: cannot pull with rebase: You have unstaged changes.
error: Please commit or stash them.
[eslint-watch] 2026-03-04 04:47:08 Linting 10 changed file(s)...
[eslint-watch] 2026-03-04 04:47:12 ESLint auto-fixed some issues. Committing...
[main 55184ce] fix(lint): eslint --fix pass [eslint-watch]
 Committer: GM <gm@GMs-MacBook-Pro.local>
Your name and email address were configured automatically based
on your username and hostname. Please check that they are accurate.
You can suppress this message by setting them explicitly. Run the
following command and follow the instructions in your editor to edit
your configuration file:

    git config --global --edit

After doing this, you may fix the identity used for this commit with:

    git commit --amend --reset-author

 12 files changed, 103 insertions(+), 63 deletions(-)
To https://github.com/doculetai/v6.git
   64bb0c1..55184ce  main -> main
[eslint-watch] 2026-03-04 04:47:13 Lint clean after auto-fix.
error: cannot pull with rebase: You have unstaged changes.
error: Please commit or stash them.
[eslint-watch] 2026-03-04 07:38:08 Linting 5 changed file(s)...
[eslint-watch] 2026-03-04 07:38:10 ESLint auto-fixed some issues. Committing...
